#
# A fatal error has been detected by the Java Runtime Environment:
#
#  SIGSEGV (0xb) at pc=0x00007f99e90696ba, pid=8823, tid=140298273609472
#
# JRE version: Java(TM) SE Runtime Environment (8.0_72-b15) (build 1.8.0_72-b15)
# Java VM: Java HotSpot(TM) 64-Bit Server VM (25.72-b15 mixed mode linux-amd64 compressed oops)
# Problematic frame:
# v  ~BufferBlob::jni_fast_GetLongField
#
# Failed to write core dump. Core dumps have been disabled. To enable core dumping, try "ulimit -c unlimited" before starting Java again
#
# If you would like to submit a bug report, please visit:
#   http://bugreport.java.com/bugreport/crash.jsp
# The crash happened outside the Java Virtual Machine in native code.
# See problematic frame for where to report the bug.
#

---------------  T H R E A D  ---------------

Current thread (0x00007f99f8266000):  JavaThread "AWT-XAWT" daemon [_thread_in_native, id=8844, stack(0x00007f99bcb2d000,0x00007f99bcc2e000)]

siginfo: si_signo: 11 (SIGSEGV), si_code: 1 (SEGV_MAPERR), si_addr: 0x0000000000000000

Registers:
RAX=0x00007f9a008c80a0, RBX=0x00007f99f82661f8, RCX=0x00007f9a01c88320, RDX=0x0000000000000042
RSP=0x00007f99bcc2c468, RBP=0x00007f99bcc2c490, RSI=0x0000000000000000, RDI=0x00007f99f82661f8
R8 =0x00000000d8ca9bb2, R9 =0x0000000000000000, R10=0x00000000000000bc, R11=0x00007f9a0030bd80
R12=0x00007f9984071de0, R13=0x0000000000000000, R14=0x00007f99be0967e0, R15=0x00007f99f8266000
RIP=0x00007f99e90696ba, EFLAGS=0x0000000000010246, CSGSFS=0x0000000000000033, ERR=0x0000000000000004
  TRAPNO=0x000000000000000e

Top of Stack: (sp=0x00007f99bcc2c468)
0x00007f99bcc2c468:   00007f99bde74ef1 00007f99e8c11d58
0x00007f99bcc2c478:   00007f9984071de0 00007f99e8c11d58
0x00007f99bcc2c488:   00007f99bcc2c580 0000000000000000
0x00007f99bcc2c498:   00007f9a0179bae8 00007f99e8c11d58
0x00007f99bcc2c4a8:   00007f99bcc2c4d0 0000000000000000
0x00007f99bcc2c4b8:   00007f9a017939a3 00007f99e8c11d58
0x00007f99bcc2c4c8:   00007f99bde6e12f 00007f99bcc2c548
0x00007f99bcc2c4d8:   00007f99e9015994 0000000000000000
0x00007f99bcc2c4e8:   00000006c65c6df0 00000006c65c4648
0x00007f99bcc2c4f8:   00007f99bcc2c4f8 00007f99e8e4cd1e
0x00007f99bcc2c508:   00007f99bcc2c508 0000000000000000
0x00007f99bcc2c518:   00007f99bcc2c580 00007f99e8c164d0
0x00007f99bcc2c528:   0000000000000000 00007f99e8c11d58
0x00007f99bcc2c538:   0000000000000000 00007f99bcc2c590
0x00007f99bcc2c548:   00007f99bcc2c7c0 00007f99e9540f6c
0x00007f99bcc2c558:   00000006c623a238 00007f99e900f560
0x00007f99bcc2c568:   0000000000000000 0000000000000000
0x00007f99bcc2c578:   00007f9988000e30 00007f99bcc2c7c0
0x00007f99bcc2c588:   00007f99e9540f6c 0000000000000000
0x00007f99bcc2c598:   00000000000003d8 00007f99f82653b0
0x00007f99bcc2c5a8:   00007f9988000020 0000000000000040
0x00007f99bcc2c5b8:   0000000000000040 00007f99e953cd90
0x00007f99bcc2c5c8:   0000000000000000 00007f99bcc2c670
0x00007f99bcc2c5d8:   00007f9a00fdd7b0 00007f99bcc2c730
0x00007f99bcc2c5e8:   00007f9a008cadf8 00007f99bcc2c630
0x00007f99bcc2c5f8:   00007f9a00266705 00000004bcc2c640
0x00007f99bcc2c608:   00007f99bcc2c670 0000000000000040
0x00007f99bcc2c618:   00007f99bcc2c670 0000000000000040
0x00007f99bcc2c628:   00007f99e953cd90 00007f99bcc2c6d0
0x00007f99bcc2c638:   00007f9a0030ada5 00007f99bcc2c6f0
0x00007f99bcc2c648:   00000000e901ead8 00007f99e90055d0
0x00007f99bcc2c658:   00000006c65c6df0 00000006c659c928 

Instructions: (pc=0x00007f99e90696ba)
0x00007f99e906969a:   00 00 00 00 00 00 44 8b 15 a1 df 89 17 4c 8b ce
0x00007f99e90696aa:   41 f6 c2 01 0f 85 2e 00 00 00 4d 33 ca 4d 33 ca
0x00007f99e90696ba:   4d 8b 09 4c 8b da 49 c1 eb 02 4b 8b 04 19 49 bb
0x00007f99e90696ca:   48 76 90 00 9a 7f 00 00 4c 33 d8 4c 33 d8 45 3b 

Register to memory mapping:

RAX=0x00007f9a008c80a0: <offset 0xf760a0> in /usr/lib/jvm/java-8-oracle/jre/lib/amd64/server/libjvm.so at 0x00007f99ff952000
RBX=0x00007f99f82661f8 is an unknown value
RCX=0x00007f9a01c88320: <offset 0x219320> in /lib/x86_64-linux-gnu/libpthread.so.0 at 0x00007f9a01a6f000
RDX=0x0000000000000042 is an unknown value
RSP=0x00007f99bcc2c468 is pointing into the stack for thread: 0x00007f99f8266000
RBP=0x00007f99bcc2c490 is pointing into the stack for thread: 0x00007f99f8266000
RSI=0x0000000000000000 is an unknown value
RDI=0x00007f99f82661f8 is an unknown value
R8 =0x00000000d8ca9bb2 is an unknown value
R9 =0x0000000000000000 is an unknown value
R10=0x00000000000000bc is an unknown value
R11=0x00007f9a0030bd80: <offset 0x9b9d80> in /usr/lib/jvm/java-8-oracle/jre/lib/amd64/server/libjvm.so at 0x00007f99ff952000
R12=0x00007f9984071de0 is an unknown value
R13=0x0000000000000000 is an unknown value
R14=0x00007f99be0967e0: <offset 0x2587e0> in /usr/lib/jvm/java-8-oracle/jre/lib/amd64/libawt_xawt.so at 0x00007f99bde3e000
R15=0x00007f99f8266000 is a thread


Stack: [0x00007f99bcb2d000,0x00007f99bcc2e000],  sp=0x00007f99bcc2c468,  free space=1021k
Native frames: (J=compiled Java code, j=interpreted, Vv=VM code, C=native code)
v  ~BufferBlob::jni_fast_GetLongField
C  [libX11.so.6+0x61ae8]  _XimServerDestroy+0x58

Java frames: (J=compiled Java code, j=interpreted, Vv=VM code)
j  sun.awt.X11.XlibWrapper.XFilterEvent(JJ)Z+0
J 1295% C1 sun.awt.X11.XToolkit.run(Z)V (410 bytes) @ 0x00007f99e9540f6c [0x00007f99e953d760+0x380c]
j  sun.awt.X11.XToolkit.run()V+5
j  java.lang.Thread.run()V+11
v  ~StubRoutines::call_stub

---------------  P R O C E S S  ---------------

Java Threads: ( => current thread )
  0x00007f998c016000 JavaThread "Thread-4" [_thread_blocked, id=8855, stack(0x00007f997f6ef000,0x00007f997f7f0000)]
  0x00007f998c014800 JavaThread "Thread-3" [_thread_in_native, id=8854, stack(0x00007f997f7f0000,0x00007f997f8f1000)]
  0x00007f998c013000 JavaThread "Thread-2" [_thread_blocked, id=8853, stack(0x00007f997f8f1000,0x00007f997f9f2000)]
  0x00007f998c010800 JavaThread "Thread-1" [_thread_blocked, id=8851, stack(0x00007f997f9f2000,0x00007f997faf3000)]
  0x00007f998c002800 JavaThread "AWT-EventQueue-1" [_thread_blocked, id=8850, stack(0x00007f997feff000,0x00007f9980000000)]
  0x00007f99f8007800 JavaThread "DestroyJavaVM" [_thread_blocked, id=8824, stack(0x00007f9a01d69000,0x00007f9a01e6a000)]
  0x00007f99f828d800 JavaThread "AWT-EventQueue-0" [_thread_blocked, id=8848, stack(0x00007f99bc613000,0x00007f99bc714000)]
  0x00007f99f8289000 JavaThread "AWT-Shutdown" [_thread_blocked, id=8847, stack(0x00007f99bc714000,0x00007f99bc815000)]
  0x00007f99f8275800 JavaThread "thread applet-Client.class" [_thread_blocked, id=8846, stack(0x00007f99bc815000,0x00007f99bc916000)]
=>0x00007f99f8266000 JavaThread "AWT-XAWT" daemon [_thread_in_native, id=8844, stack(0x00007f99bcb2d000,0x00007f99bcc2e000)]
  0x00007f99f823f800 JavaThread "Java2D Disposer" daemon [_thread_blocked, id=8843, stack(0x00007f99bd03e000,0x00007f99bd13f000)]
  0x00007f99f80e3000 JavaThread "Service Thread" daemon [_thread_blocked, id=8841, stack(0x00007f99be46a000,0x00007f99be56b000)]
  0x00007f99f80c5800 JavaThread "C1 CompilerThread3" daemon [_thread_blocked, id=8840, stack(0x00007f99be56b000,0x00007f99be66c000)]
  0x00007f99f80c3800 JavaThread "C2 CompilerThread2" daemon [_thread_blocked, id=8839, stack(0x00007f99be66c000,0x00007f99be76d000)]
  0x00007f99f80c1800 JavaThread "C2 CompilerThread1" daemon [_thread_blocked, id=8838, stack(0x00007f99be76d000,0x00007f99be86e000)]
  0x00007f99f80bf000 JavaThread "C2 CompilerThread0" daemon [_thread_blocked, id=8837, stack(0x00007f99be86e000,0x00007f99be96f000)]
  0x00007f99f80bd800 JavaThread "Signal Dispatcher" daemon [_thread_blocked, id=8836, stack(0x00007f99be96f000,0x00007f99bea70000)]
  0x00007f99f808a000 JavaThread "Finalizer" daemon [_thread_blocked, id=8835, stack(0x00007f99bebf9000,0x00007f99becfa000)]
  0x00007f99f8085800 JavaThread "Reference Handler" daemon [_thread_blocked, id=8834, stack(0x00007f99becfa000,0x00007f99bedfb000)]

Other Threads:
  0x00007f99f807d800 VMThread [stack: 0x00007f99bedfb000,0x00007f99beefc000] [id=8833]
  0x00007f99f80e5800 WatcherThread [stack: 0x00007f99be369000,0x00007f99be46a000] [id=8842]

VM state:not at safepoint (normal execution)

VM Mutex/Monitor currently owned by a thread: None

Heap:
 PSYoungGen      total 14336K, used 8290K [0x000000076cb80000, 0x000000076de00000, 0x00000007c0000000)
  eden space 11264K, 59% used [0x000000076cb80000,0x000000076d20a7c0,0x000000076d680000)
  from space 3072K, 51% used [0x000000076da00000,0x000000076db8e060,0x000000076dd00000)
  to   space 3584K, 0% used [0x000000076d680000,0x000000076d680000,0x000000076da00000)
 ParOldGen       total 11776K, used 5836K [0x00000006c6200000, 0x00000006c6d80000, 0x000000076cb80000)
  object space 11776K, 49% used [0x00000006c6200000,0x00000006c67b3188,0x00000006c6d80000)
 Metaspace       used 11361K, capacity 11550K, committed 11904K, reserved 1060864K
  class space    used 1221K, capacity 1308K, committed 1408K, reserved 1048576K

Card table byte_map: [0x00007f99fd88e000,0x00007f99fe05e000] byte_map_base: 0x00007f99fa25d000

Marking Bits: (ParMarkBitMap*) 0x00007f9a00907100
 Begin Bits: [0x00007f99c0310000, 0x00007f99c4188000)
 End Bits:   [0x00007f99c4188000, 0x00007f99c8000000)

Polling page: 0x00007f9a01eac000

CodeCache: size=245760Kb used=5360Kb max_used=5417Kb free=240399Kb
 bounds [0x00007f99e9000000, 0x00007f99e9560000, 0x00007f99f8000000]
 total_blobs=1780 nmethods=1254 adapters=440
 compilation: enabled

Compilation events (10 events):
Event: 2634.405 Thread 0x00007f99f80c5800 1295 % !   3       sun.awt.X11.XToolkit::run @ 59 (410 bytes)
Event: 2634.410 Thread 0x00007f99f80c5800 nmethod 1295% 0x00007f99e953cd90 code [0x00007f99e953d760, 0x00007f99e9545198]
Event: 2678.381 Thread 0x00007f99f80c5800 1296   !   3       sun.awt.X11.XToolkit::run (410 bytes)
Event: 2678.384 Thread 0x00007f99f80c5800 nmethod 1296 0x00007f99e9549e90 code [0x00007f99e954a840, 0x00007f99e9550c98]
Event: 2685.571 Thread 0x00007f99f80c3800 1297       4       java.awt.EventDispatchThread$HierarchyEventFilter::acceptEvent (225 bytes)
Event: 2685.571 Thread 0x00007f99f80c3800 nmethod 1297 0x00007f99e94c2610 code [0x00007f99e94c2760, 0x00007f99e94c27f8]
Event: 2685.573 Thread 0x00007f99f80c5800 1298       3       java.lang.Math::floor (5 bytes)
Event: 2685.573 Thread 0x00007f99f80c5800 nmethod 1298 0x00007f99e9114950 code [0x00007f99e9114ae0, 0x00007f99e9114ca8]
Event: 2685.574 Thread 0x00007f99f80c5800 1299       3       java.lang.StrictMath::floor (12 bytes)
Event: 2685.574 Thread 0x00007f99f80c5800 nmethod 1299 0x00007f99e91127d0 code [0x00007f99e9112960, 0x00007f99e9112ae8]

GC Heap History (10 events):
Event: 1915.580 GC heap before
{Heap before GC invocations=17 (full 1):
 PSYoungGen      total 12288K, used 12172K [0x000000076cb80000, 0x000000076de00000, 0x00000007c0000000)
  eden space 11776K, 100% used [0x000000076cb80000,0x000000076d700000,0x000000076d700000)
  from space 512K, 77% used [0x000000076d700000,0x000000076d763010,0x000000076d780000)
  to   space 3584K, 0% used [0x000000076da80000,0x000000076da80000,0x000000076de00000)
 ParOldGen       total 11776K, used 5836K [0x00000006c6200000, 0x00000006c6d80000, 0x000000076cb80000)
  object space 11776K, 49% used [0x00000006c6200000,0x00000006c67b3188,0x00000006c6d80000)
 Metaspace       used 11344K, capacity 11550K, committed 11904K, reserved 1060864K
  class space    used 1221K, capacity 1308K, committed 1408K, reserved 1048576K
Event: 1915.583 GC heap after
Heap after GC invocations=17 (full 1):
 PSYoungGen      total 15360K, used 396K [0x000000076cb80000, 0x000000076de00000, 0x00000007c0000000)
  eden space 11776K, 0% used [0x000000076cb80000,0x000000076cb80000,0x000000076d700000)
  from space 3584K, 11% used [0x000000076da80000,0x000000076dae3010,0x000000076de00000)
  to   space 3584K, 0% used [0x000000076d700000,0x000000076d700000,0x000000076da80000)
 ParOldGen       total 11776K, used 5836K [0x00000006c6200000, 0x00000006c6d80000, 0x000000076cb80000)
  object space 11776K, 49% used [0x00000006c6200000,0x00000006c67b3188,0x00000006c6d80000)
 Metaspace       used 11344K, capacity 11550K, committed 11904K, reserved 1060864K
  class space    used 1221K, capacity 1308K, committed 1408K, reserved 1048576K
}
Event: 2085.798 GC heap before
{Heap before GC invocations=18 (full 1):
 PSYoungGen      total 15360K, used 12172K [0x000000076cb80000, 0x000000076de00000, 0x00000007c0000000)
  eden space 11776K, 100% used [0x000000076cb80000,0x000000076d700000,0x000000076d700000)
  from space 3584K, 11% used [0x000000076da80000,0x000000076dae3010,0x000000076de00000)
  to   space 3584K, 0% used [0x000000076d700000,0x000000076d700000,0x000000076da80000)
 ParOldGen       total 11776K, used 5836K [0x00000006c6200000, 0x00000006c6d80000, 0x000000076cb80000)
  object space 11776K, 49% used [0x00000006c6200000,0x00000006c67b3188,0x00000006c6d80000)
 Metaspace       used 11344K, capacity 11550K, committed 11904K, reserved 1060864K
  class space    used 1221K, capacity 1308K, committed 1408K, reserved 1048576K
Event: 2085.800 GC heap after
Heap after GC invocations=18 (full 1):
 PSYoungGen      total 15360K, used 524K [0x000000076cb80000, 0x000000076de00000, 0x00000007c0000000)
  eden space 11776K, 0% used [0x000000076cb80000,0x000000076cb80000,0x000000076d700000)
  from space 3584K, 14% used [0x000000076d700000,0x000000076d783010,0x000000076da80000)
  to   space 3584K, 0% used [0x000000076da80000,0x000000076da80000,0x000000076de00000)
 ParOldGen       total 11776K, used 5836K [0x00000006c6200000, 0x00000006c6d80000, 0x000000076cb80000)
  object space 11776K, 49% used [0x00000006c6200000,0x00000006c67b3188,0x00000006c6d80000)
 Metaspace       used 11344K, capacity 11550K, committed 11904K, reserved 1060864K
  class space    used 1221K, capacity 1308K, committed 1408K, reserved 1048576K
}
Event: 2257.380 GC heap before
{Heap before GC invocations=19 (full 1):
 PSYoungGen      total 15360K, used 12300K [0x000000076cb80000, 0x000000076de00000, 0x00000007c0000000)
  eden space 11776K, 100% used [0x000000076cb80000,0x000000076d700000,0x000000076d700000)
  from space 3584K, 14% used [0x000000076d700000,0x000000076d783010,0x000000076da80000)
  to   space 3584K, 0% used [0x000000076da80000,0x000000076da80000,0x000000076de00000)
 ParOldGen       total 11776K, used 5836K [0x00000006c6200000, 0x00000006c6d80000, 0x000000076cb80000)
  object space 11776K, 49% used [0x00000006c6200000,0x00000006c67b3188,0x00000006c6d80000)
 Metaspace       used 11344K, capacity 11550K, committed 11904K, reserved 1060864K
  class space    used 1221K, capacity 1308K, committed 1408K, reserved 1048576K
Event: 2257.381 GC heap after
Heap after GC invocations=19 (full 1):
 PSYoungGen      total 14336K, used 620K [0x000000076cb80000, 0x000000076dd00000, 0x00000007c0000000)
  eden space 11776K, 0% used [0x000000076cb80000,0x000000076cb80000,0x000000076d700000)
  from space 2560K, 24% used [0x000000076da80000,0x000000076db1b010,0x000000076dd00000)
  to   space 3072K, 0% used [0x000000076d700000,0x000000076d700000,0x000000076da00000)
 ParOldGen       total 11776K, used 5836K [0x00000006c6200000, 0x00000006c6d80000, 0x000000076cb80000)
  object space 11776K, 49% used [0x00000006c6200000,0x00000006c67b3188,0x00000006c6d80000)
 Metaspace       used 11344K, capacity 11550K, committed 11904K, reserved 1060864K
  class space    used 1221K, capacity 1308K, committed 1408K, reserved 1048576K
}
Event: 2418.380 GC heap before
{Heap before GC invocations=20 (full 1):
 PSYoungGen      total 14336K, used 12396K [0x000000076cb80000, 0x000000076dd00000, 0x00000007c0000000)
  eden space 11776K, 100% used [0x000000076cb80000,0x000000076d700000,0x000000076d700000)
  from space 2560K, 24% used [0x000000076da80000,0x000000076db1b010,0x000000076dd00000)
  to   space 3072K, 0% used [0x000000076d700000,0x000000076d700000,0x000000076da00000)
 ParOldGen       total 11776K, used 5836K [0x00000006c6200000, 0x00000006c6d80000, 0x000000076cb80000)
  object space 11776K, 49% used [0x00000006c6200000,0x00000006c67b3188,0x00000006c6d80000)
 Metaspace       used 11344K, capacity 11550K, committed 11904K, reserved 1060864K
  class space    used 1221K, capacity 1308K, committed 1408K, reserved 1048576K
Event: 2418.382 GC heap after
Heap after GC invocations=20 (full 1):
 PSYoungGen      total 14848K, used 1528K [0x000000076cb80000, 0x000000076dd00000, 0x00000007c0000000)
  eden space 11776K, 0% used [0x000000076cb80000,0x000000076cb80000,0x000000076d700000)
  from space 3072K, 49% used [0x000000076d700000,0x000000076d87e060,0x000000076da00000)
  to   space 3072K, 0% used [0x000000076da00000,0x000000076da00000,0x000000076dd00000)
 ParOldGen       total 11776K, used 5836K [0x00000006c6200000, 0x00000006c6d80000, 0x000000076cb80000)
  object space 11776K, 49% used [0x00000006c6200000,0x00000006c67b3188,0x00000006c6d80000)
 Metaspace       used 11344K, capacity 11550K, committed 11904K, reserved 1060864K
  class space    used 1221K, capacity 1308K, committed 1408K, reserved 1048576K
}
Event: 2589.187 GC heap before
{Heap before GC invocations=21 (full 1):
 PSYoungGen      total 14848K, used 13304K [0x000000076cb80000, 0x000000076dd00000, 0x00000007c0000000)
  eden space 11776K, 100% used [0x000000076cb80000,0x000000076d700000,0x000000076d700000)
  from space 3072K, 49% used [0x000000076d700000,0x000000076d87e060,0x000000076da00000)
  to   space 3072K, 0% used [0x000000076da00000,0x000000076da00000,0x000000076dd00000)
 ParOldGen       total 11776K, used 5836K [0x00000006c6200000, 0x00000006c6d80000, 0x000000076cb80000)
  object space 11776K, 49% used [0x00000006c6200000,0x00000006c67b3188,0x00000006c6d80000)
 Metaspace       used 11344K, capacity 11550K, committed 11904K, reserved 1060864K
  class space    used 1221K, capacity 1308K, committed 1408K, reserved 1048576K
Event: 2589.188 GC heap after
Heap after GC invocations=21 (full 1):
 PSYoungGen      total 14336K, used 1592K [0x000000076cb80000, 0x000000076de00000, 0x00000007c0000000)
  eden space 11264K, 0% used [0x000000076cb80000,0x000000076cb80000,0x000000076d680000)
  from space 3072K, 51% used [0x000000076da00000,0x000000076db8e060,0x000000076dd00000)
  to   space 3584K, 0% used [0x000000076d680000,0x000000076d680000,0x000000076da00000)
 ParOldGen       total 11776K, used 5836K [0x00000006c6200000, 0x00000006c6d80000, 0x000000076cb80000)
  object space 11776K, 49% used [0x00000006c6200000,0x00000006c67b3188,0x00000006c6d80000)
 Metaspace       used 11344K, capacity 11550K, committed 11904K, reserved 1060864K
  class space    used 1221K, capacity 1308K, committed 1408K, reserved 1048576K
}

Deoptimization events (10 events):
Event: 2685.571 Thread 0x00007f99f828d800 Uncommon trap: reason=class_check action=maybe_recompile pc=0x00007f99e94f2a94 method=sun.awt.RepaintArea.paint(Ljava/lang/Object;Z)V @ 1
Event: 2685.571 Thread 0x00007f998c002800 Uncommon trap: reason=class_check action=maybe_recompile pc=0x00007f99e942ff24 method=sun.java2d.SunGraphics2D.drawLine(IIII)V @ 10
Event: 2685.571 Thread 0x00007f998c002800 Uncommon trap: reason=class_check action=maybe_recompile pc=0x00007f99e943cf1c method=sun.java2d.SunGraphics2D.drawString(Ljava/lang/String;II)V @ 68
Event: 2685.571 Thread 0x00007f998c002800 Uncommon trap: reason=unstable_if action=reinterpret pc=0x00007f99e94c685c method=sun.java2d.SunGraphics2D.getFontInfo()Lsun/java2d/loops/FontInfo; @ 4
Event: 2685.571 Thread 0x00007f99f828d800 Uncommon trap: reason=class_check action=maybe_recompile pc=0x00007f99e943cf1c method=sun.java2d.SunGraphics2D.drawString(Ljava/lang/String;II)V @ 68
Event: 2685.571 Thread 0x00007f99f828d800 Uncommon trap: reason=unstable_if action=reinterpret pc=0x00007f99e946e598 method=sun.font.GlyphList.getInstance()Lsun/font/GlyphList; @ 3
Event: 2685.571 Thread 0x00007f99f828d800 Uncommon trap: reason=unstable_if action=reinterpret pc=0x00007f99e946dfdc method=sun.font.GlyphList.ensureCapacity(I)V @ 41
Event: 2685.571 Thread 0x00007f998c002800 Uncommon trap: reason=unstable_if action=reinterpret pc=0x00007f99e9450224 method=sun.awt.RepaintArea.add(Ljava/awt/Rectangle;I)V @ 14
Event: 2685.571 Thread 0x00007f998c002800 Uncommon trap: reason=unstable_if action=reinterpret pc=0x00007f99e94f21fc method=sun.awt.RepaintArea.subtract(Ljava/awt/Rectangle;Ljava/awt/Rectangle;)Z @ 1
Event: 2685.573 Thread 0x00007f99f828d800 Uncommon trap: reason=unstable_if action=reinterpret pc=0x00007f99e9431558 method=sun.font.GlyphList.dispose()V @ 4

Internal exceptions (10 events):
Event: 0.046 Thread 0x00007f99f8007800 Exception <a 'java/security/PrivilegedActionException'> (0x000000076cbfce50) thrown at [/HUDSON/workspace/8-2-build-linux-amd64/jdk8u72/5732/hotspot/src/share/vm/prims/jvm.cpp, line 1386]
Event: 0.046 Thread 0x00007f99f8007800 Exception <a 'java/security/PrivilegedActionException'> (0x000000076cbfd060) thrown at [/HUDSON/workspace/8-2-build-linux-amd64/jdk8u72/5732/hotspot/src/share/vm/prims/jvm.cpp, line 1386]
Event: 0.082 Thread 0x00007f99f8007800 Exception <a 'java/lang/NoSuchFieldError': method resolution failed> (0x000000076cc27298) thrown at [/HUDSON/workspace/8-2-build-linux-amd64/jdk8u72/5732/hotspot/src/share/vm/prims/methodHandles.cpp, line 1146]
Event: 0.083 Thread 0x00007f99f8007800 Exception <a 'java/lang/NoSuchFieldError': method resolution failed> (0x000000076cc35050) thrown at [/HUDSON/workspace/8-2-build-linux-amd64/jdk8u72/5732/hotspot/src/share/vm/prims/methodHandles.cpp, line 1146]
Event: 0.094 Thread 0x00007f99f8007800 Exception <a 'java/io/FileNotFoundException'> (0x000000076ccdcbe8) thrown at [/HUDSON/workspace/8-2-build-linux-amd64/jdk8u72/5732/hotspot/src/share/vm/prims/jni.cpp, line 709]
Event: 0.094 Thread 0x00007f99f8007800 Exception <a 'java/io/FileNotFoundException'> (0x000000076ccddad0) thrown at [/HUDSON/workspace/8-2-build-linux-amd64/jdk8u72/5732/hotspot/src/share/vm/prims/jni.cpp, line 709]
Event: 0.209 Thread 0x00007f998c001000 Implicit null exception at 0x00007f99e9131bf5 to 0x00007f99e9131f65
Event: 0.209 Thread 0x00007f998c001000 Implicit null exception at 0x00007f99e9132cb5 to 0x00007f99e9133041
Event: 0.282 Thread 0x00007f998c013000 Exception <a 'java/lang/NoSuchMethodError': <clinit>> (0x000000076cbd2e20) thrown at [/HUDSON/workspace/8-2-build-linux-amd64/jdk8u72/5732/hotspot/src/share/vm/prims/jni.cpp, line 1591]
Event: 2685.515 Thread 0x00007f99f8266000 Implicit null exception at 0x00007f99e90ff0ed to 0x00007f99e90ff64d

Events (10 events):
Event: 2685.573 Thread 0x00007f99f80c5800 flushing nmethod 0x00007f99e9197150
Event: 2685.573 Thread 0x00007f99f80c5800 flushing nmethod 0x00007f99e9199550
Event: 2685.573 Thread 0x00007f99f80c5800 flushing nmethod 0x00007f99e919da10
Event: 2685.573 Thread 0x00007f99f80c5800 flushing nmethod 0x00007f99e919f190
Event: 2685.574 Thread 0x00007f99f80c5800 flushing nmethod 0x00007f99e91c6f90
Event: 2685.574 Thread 0x00007f99f80c5800 flushing nmethod 0x00007f99e91c9c90
Event: 2685.574 Thread 0x00007f99f80c5800 flushing nmethod 0x00007f99e91d1f10
Event: 2685.574 Thread 0x00007f99f80c5800 flushing nmethod 0x00007f99e91da4d0
Event: 2685.574 Thread 0x00007f99f80c5800 flushing nmethod 0x00007f99e91e1b50
Event: 2685.574 Thread 0x00007f99f80c5800 flushing nmethod 0x00007f99e91e3210


Dynamic libraries:
00400000-00401000 r-xp 00000000 fc:01 1996283                            /usr/lib/jvm/java-8-oracle/bin/appletviewer
00600000-00601000 rw-p 00000000 fc:01 1996283                            /usr/lib/jvm/java-8-oracle/bin/appletviewer
02085000-020a6000 rw-p 00000000 00:00 0                                  [heap]
6c6200000-6c6d80000 rw-p 00000000 00:00 0 
6c6d80000-76cb80000 ---p 00000000 00:00 0 
76cb80000-76de00000 rw-p 00000000 00:00 0 
76de00000-7c0000000 ---p 00000000 00:00 0 
7c0000000-7c0160000 rw-p 00000000 00:00 0 
7c0160000-800000000 ---p 00000000 00:00 0 
7f9968000000-7f9968021000 rw-p 00000000 00:00 0 
7f9968021000-7f996c000000 ---p 00000000 00:00 0 
7f996c000000-7f996c021000 rw-p 00000000 00:00 0 
7f996c021000-7f9970000000 ---p 00000000 00:00 0 
7f9970000000-7f997028d000 rw-p 00000000 00:00 0 
7f997028d000-7f9974000000 ---p 00000000 00:00 0 
7f9974000000-7f9974021000 rw-p 00000000 00:00 0 
7f9974021000-7f9978000000 ---p 00000000 00:00 0 
7f9978000000-7f99782a5000 rw-p 00000000 00:00 0 
7f99782a5000-7f997c000000 ---p 00000000 00:00 0 
7f997f31a000-7f997f35a000 rw-p 00000000 00:00 0 
7f997f35a000-7f997f51a000 ---p 00000000 00:00 0 
7f997f51a000-7f997f6ef000 rw-s 00000000 00:04 99516429                   /SYSV00000000 (deleted)
7f997f6ef000-7f997f6f2000 ---p 00000000 00:00 0 
7f997f6f2000-7f997f7f0000 rw-p 00000000 00:00 0                          [stack:8855]
7f997f7f0000-7f997f7f3000 ---p 00000000 00:00 0 
7f997f7f3000-7f997f8f1000 rw-p 00000000 00:00 0                          [stack:8854]
7f997f8f1000-7f997f8f4000 ---p 00000000 00:00 0 
7f997f8f4000-7f997f9f2000 rw-p 00000000 00:00 0                          [stack:8853]
7f997f9f2000-7f997f9f5000 ---p 00000000 00:00 0 
7f997f9f5000-7f997faf3000 rw-p 00000000 00:00 0                          [stack:8851]
7f997faf3000-7f997fafe000 r-xp 00000000 fc:01 1972562                    /lib/x86_64-linux-gnu/libnss_files-2.19.so
7f997fafe000-7f997fcfd000 ---p 0000b000 fc:01 1972562                    /lib/x86_64-linux-gnu/libnss_files-2.19.so
7f997fcfd000-7f997fcfe000 r--p 0000a000 fc:01 1972562                    /lib/x86_64-linux-gnu/libnss_files-2.19.so
7f997fcfe000-7f997fcff000 rw-p 0000b000 fc:01 1972562                    /lib/x86_64-linux-gnu/libnss_files-2.19.so
7f997fcff000-7f997feff000 rw-p 00000000 00:00 0 
7f997feff000-7f997ff02000 ---p 00000000 00:00 0 
7f997ff02000-7f9980000000 rw-p 00000000 00:00 0                          [stack:8850]
7f9980000000-7f9980021000 rw-p 00000000 00:00 0 
7f9980021000-7f9984000000 ---p 00000000 00:00 0 
7f9984000000-7f99842d5000 rw-p 00000000 00:00 0 
7f99842d5000-7f9988000000 ---p 00000000 00:00 0 
7f9988000000-7f9988024000 rw-p 00000000 00:00 0 
7f9988024000-7f998c000000 ---p 00000000 00:00 0 
7f998c000000-7f998c021000 rw-p 00000000 00:00 0 
7f998c021000-7f9990000000 ---p 00000000 00:00 0 
7f9990000000-7f9990021000 rw-p 00000000 00:00 0 
7f9990021000-7f9994000000 ---p 00000000 00:00 0 
7f9994000000-7f9994021000 rw-p 00000000 00:00 0 
7f9994021000-7f9998000000 ---p 00000000 00:00 0 
7f9998000000-7f999873a000 rw-p 00000000 00:00 0 
7f999873a000-7f999c000000 ---p 00000000 00:00 0 
7f999c000000-7f999c021000 rw-p 00000000 00:00 0 
7f999c021000-7f99a0000000 ---p 00000000 00:00 0 
7f99a0000000-7f99a1970000 rw-p 00000000 00:00 0 
7f99a1970000-7f99a4000000 ---p 00000000 00:00 0 
7f99a4000000-7f99a5b58000 rw-p 00000000 00:00 0 
7f99a5b58000-7f99a8000000 ---p 00000000 00:00 0 
7f99a8000000-7f99a8021000 rw-p 00000000 00:00 0 
7f99a8021000-7f99ac000000 ---p 00000000 00:00 0 
7f99ac000000-7f99ac747000 rw-p 00000000 00:00 0 
7f99ac747000-7f99b0000000 ---p 00000000 00:00 0 
7f99b0000000-7f99b0021000 rw-p 00000000 00:00 0 
7f99b0021000-7f99b4000000 ---p 00000000 00:00 0 
7f99b4000000-7f99b4021000 rw-p 00000000 00:00 0 
7f99b4021000-7f99b8000000 ---p 00000000 00:00 0 
7f99b8000000-7f99b8021000 rw-p 00000000 00:00 0 
7f99b8021000-7f99bc000000 ---p 00000000 00:00 0 
7f99bc06b000-7f99bc06c000 r--s 00000000 fc:03 130807                     /var/cache/fontconfig/087e1975ba9a574b140bb1df193bf770-le64.cache-4
7f99bc06c000-7f99bc07a000 r--s 00000000 fc:03 131694                     /var/cache/fontconfig/6aa41aa22e18b8fa06a12da28ea9c28b-le64.cache-4
7f99bc07a000-7f99bc07f000 r--s 00000000 fc:03 134488                     /var/cache/fontconfig/5e10083637a12ecd1bff191eb66bfa2f-le64.cache-4
7f99bc07f000-7f99bc08a000 r--s 00000000 fc:03 130767                     /var/cache/fontconfig/945677eb7aeaf62f1d50efc3fb3ec7d8-le64.cache-4
7f99bc08a000-7f99bc090000 r--s 00000000 fc:03 132597                     /var/cache/fontconfig/2cd17615ca594fa2959ae173292e504c-le64.cache-4
7f99bc090000-7f99bc095000 r--s 00000000 fc:03 134272                     /var/cache/fontconfig/a46337af8a0b4c9b317ad981ec3bdf87-le64.cache-4
7f99bc095000-7f99bc096000 r--s 00000000 fc:03 134509                     /var/cache/fontconfig/fd9505950c048a77dc4b710eb6a628ed-le64.cache-4
7f99bc096000-7f99bc097000 r--s 00000000 fc:03 134508                     /var/cache/fontconfig/ddc79d3ea06a7c6ffa86ede85f3bb5df-le64.cache-4
7f99bc097000-7f99bc098000 r--s 00000000 fc:03 134507                     /var/cache/fontconfig/e7071f4a29fa870f4323321c154eba04-le64.cache-4
7f99bc098000-7f99bc099000 r--s 00000000 fc:03 134506                     /var/cache/fontconfig/a2ab74764b07279e7c36ddb1d302cf26-le64.cache-4
7f99bc099000-7f99bc09c000 r--s 00000000 fc:03 134505                     /var/cache/fontconfig/c69f04ab05004e31a6d5e715764f16d8-le64.cache-4
7f99bc09c000-7f99bc09e000 r--s 00000000 fc:03 134504                     /var/cache/fontconfig/646addb8444faa74ee138aa00ab0b6a0-le64.cache-4
7f99bc09e000-7f99bc0a5000 r--s 00000000 fc:03 134477                     /var/cache/fontconfig/a755afe4a08bf5b97852ceb7400b47bc-le64.cache-4
7f99bc0a5000-7f99bc0a8000 r--s 00000000 fc:03 134398                     /var/cache/fontconfig/20bd79ad97094406f7d1b9654bfbd926-le64.cache-4
7f99bc0a8000-7f99bc0ad000 r--s 00000000 fc:03 134476                     /var/cache/fontconfig/9c0624108b9a2ae8552f664125be8356-le64.cache-4
7f99bc0ad000-7f99bc0b9000 r--s 00000000 fc:03 134467                     /var/cache/fontconfig/6d41288fd70b0be22e8c3a91e032eec0-le64.cache-4
7f99bc0b9000-7f99bc0bb000 r--s 00000000 fc:03 134438                     /var/cache/fontconfig/da1bd5ca8443ffe22927a23ce431d198-le64.cache-4
7f99bc0bb000-7f99bc0bc000 r--s 00000000 fc:03 130806                     /var/cache/fontconfig/9c956a7723ca69a44b382d9179c9802f-le64.cache-4
7f99bc0bc000-7f99bc0bd000 r--s 00000000 fc:03 130703                     /var/cache/fontconfig/4794a0821666d79190d59a36cb4f44b5-le64.cache-4
7f99bc0bd000-7f99bc0be000 r--s 00000000 fc:03 130805                     /var/cache/fontconfig/9eae20f1ff8cc0a7d125749e875856bd-le64.cache-4
7f99bc0be000-7f99bc0c0000 r--s 00000000 fc:03 130804                     /var/cache/fontconfig/bf2c1853a9e9b00bb02fe2e9bcf1e201-le64.cache-4
7f99bc0c0000-7f99bc0c5000 r--s 00000000 fc:03 133264                     /var/cache/fontconfig/8801497958630a81b71ace7c5f9b32a8-le64.cache-4
7f99bc0c5000-7f99bc0c9000 r--s 00000000 fc:03 131247                     /var/cache/fontconfig/c57959a16110560c8d0fcea73374aeeb-le64.cache-4
7f99bc0c9000-7f99bc0d0000 r--s 00000000 fc:03 132590                     /var/cache/fontconfig/3047814df9a2f067bd2d96a2b9c36e5a-le64.cache-4
7f99bc0d0000-7f99bc0d4000 r--s 00000000 fc:03 130803                     /var/cache/fontconfig/bf3b770c553c462765856025a94f1ce6-le64.cache-4
7f99bc0d4000-7f99bc0d7000 r--s 00000000 fc:03 130802                     /var/cache/fontconfig/14d493b97896515cad3840ba4896e372-le64.cache-4
7f99bc0d7000-7f99bc0d8000 r--s 00000000 fc:03 130801                     /var/cache/fontconfig/89034621ae2a8922916bb6bfa5799546-le64.cache-4
7f99bc0d8000-7f99bc0db000 r--s 00000000 fc:03 133272                     /var/cache/fontconfig/e49e89034d371f0f9de17aab02136486-le64.cache-4
7f99bc0db000-7f99bc0ee000 r--s 00000000 fc:03 131368                     /var/cache/fontconfig/d52a8644073d54c13679302ca1180695-le64.cache-4
7f99bc0ee000-7f99bc0f6000 r--s 00000000 fc:03 133937                     /var/cache/fontconfig/105b9c7e6f0a4f82d8c9b6e39c52c6f9-le64.cache-4
7f99bc140000-7f99bc144000 r--s 00097000 fc:01 1994695                    /usr/lib/jvm/java-8-oracle/jre/lib/jsse.jar
7f99bc144000-7f99bc1ad000 r-xp 00000000 fc:01 1991147                    /usr/lib/jvm/java-8-oracle/jre/lib/amd64/libt2k.so
7f99bc1ad000-7f99bc3ad000 ---p 00069000 fc:01 1991147                    /usr/lib/jvm/java-8-oracle/jre/lib/amd64/libt2k.so
7f99bc3ad000-7f99bc3b4000 rw-p 00069000 fc:01 1991147                    /usr/lib/jvm/java-8-oracle/jre/lib/amd64/libt2k.so
7f99bc3b4000-7f99bc3c4000 rw-p 00000000 00:00 0 
7f99bc3c4000-7f99bc3d5000 r-xp 00000000 fc:01 1994503                    /usr/lib/jvm/java-8-oracle/jre/lib/amd64/libnio.so
7f99bc3d5000-7f99bc5d4000 ---p 00011000 fc:01 1994503                    /usr/lib/jvm/java-8-oracle/jre/lib/amd64/libnio.so
7f99bc5d4000-7f99bc5d5000 rw-p 00010000 fc:01 1994503                    /usr/lib/jvm/java-8-oracle/jre/lib/amd64/libnio.so
7f99bc5d5000-7f99bc5d7000 r--s 00000000 fc:03 130797                     /var/cache/fontconfig/4b14b093aebc79c320de5e86ae1d3314-le64.cache-4
7f99bc5d7000-7f99bc5e0000 r--s 00000000 fc:03 133263                     /var/cache/fontconfig/3f7329c5293ffd510edef78f73874cfd-le64.cache-4
7f99bc5e0000-7f99bc5eb000 r--s 00000000 fc:03 133422                     /var/cache/fontconfig/d589a48862398ed80a3d6066f4f56f4c-le64.cache-4
7f99bc5eb000-7f99bc5f5000 r--s 00000000 fc:03 130790                     /var/cache/fontconfig/198d8fcf01c96d0cf813f74fd759bdb7-le64.cache-4
7f99bc5f5000-7f99bc613000 r--s 00000000 fc:03 130780                     /var/cache/fontconfig/e13b20fdb08344e0e664864cc2ede53d-le64.cache-4
7f99bc613000-7f99bc616000 ---p 00000000 00:00 0 
7f99bc616000-7f99bc714000 rw-p 00000000 00:00 0                          [stack:8848]
7f99bc714000-7f99bc717000 ---p 00000000 00:00 0 
7f99bc717000-7f99bc815000 rw-p 00000000 00:00 0                          [stack:8847]
7f99bc815000-7f99bc818000 ---p 00000000 00:00 0 
7f99bc818000-7f99bc916000 rw-p 00000000 00:00 0                          [stack:8846]
7f99bc916000-7f99bc92c000 r-xp 00000000 fc:01 1991149                    /usr/lib/jvm/java-8-oracle/jre/lib/amd64/libnet.so
7f99bc92c000-7f99bcb2c000 ---p 00016000 fc:01 1991149                    /usr/lib/jvm/java-8-oracle/jre/lib/amd64/libnet.so
7f99bcb2c000-7f99bcb2d000 rw-p 00016000 fc:01 1991149                    /usr/lib/jvm/java-8-oracle/jre/lib/amd64/libnet.so
7f99bcb2d000-7f99bcb30000 ---p 00000000 00:00 0 
7f99bcb30000-7f99bcc2e000 rw-p 00000000 00:00 0                          [stack:8844]
7f99bcc2e000-7f99bcc33000 r-xp 00000000 fc:01 1454359                    /usr/lib/x86_64-linux-gnu/libXfixes.so.3.1.0
7f99bcc33000-7f99bce32000 ---p 00005000 fc:01 1454359                    /usr/lib/x86_64-linux-gnu/libXfixes.so.3.1.0
7f99bce32000-7f99bce33000 r--p 00004000 fc:01 1454359                    /usr/lib/x86_64-linux-gnu/libXfixes.so.3.1.0
7f99bce33000-7f99bce34000 rw-p 00005000 fc:01 1454359                    /usr/lib/x86_64-linux-gnu/libXfixes.so.3.1.0
7f99bce34000-7f99bce3d000 r-xp 00000000 fc:01 1454361                    /usr/lib/x86_64-linux-gnu/libXcursor.so.1.0.2
7f99bce3d000-7f99bd03c000 ---p 00009000 fc:01 1454361                    /usr/lib/x86_64-linux-gnu/libXcursor.so.1.0.2
7f99bd03c000-7f99bd03d000 r--p 00008000 fc:01 1454361                    /usr/lib/x86_64-linux-gnu/libXcursor.so.1.0.2
7f99bd03d000-7f99bd03e000 rw-p 00009000 fc:01 1454361                    /usr/lib/x86_64-linux-gnu/libXcursor.so.1.0.2
7f99bd03e000-7f99bd041000 ---p 00000000 00:00 0 
7f99bd041000-7f99bd13f000 rw-p 00000000 00:00 0                          [stack:8843]
7f99bd13f000-7f99bd155000 r-xp 00000000 fc:01 1976565                    /lib/x86_64-linux-gnu/libgcc_s.so.1
7f99bd155000-7f99bd354000 ---p 00016000 fc:01 1976565                    /lib/x86_64-linux-gnu/libgcc_s.so.1
7f99bd354000-7f99bd355000 rw-p 00015000 fc:01 1976565                    /lib/x86_64-linux-gnu/libgcc_s.so.1
7f99bd355000-7f99bd3ba000 r-xp 00000000 fc:01 1985035                    /usr/lib/jvm/java-8-oracle/jre/lib/amd64/libfontmanager.so
7f99bd3ba000-7f99bd5b9000 ---p 00065000 fc:01 1985035                    /usr/lib/jvm/java-8-oracle/jre/lib/amd64/libfontmanager.so
7f99bd5b9000-7f99bd5be000 rw-p 00064000 fc:01 1985035                    /usr/lib/jvm/java-8-oracle/jre/lib/amd64/libfontmanager.so
7f99bd5be000-7f99bd5ce000 rw-p 00000000 00:00 0 
7f99bd5ce000-7f99bd5dd000 r-xp 00000000 fc:01 1454365                    /usr/lib/x86_64-linux-gnu/libXi.so.6.1.0
7f99bd5dd000-7f99bd7dc000 ---p 0000f000 fc:01 1454365                    /usr/lib/x86_64-linux-gnu/libXi.so.6.1.0
7f99bd7dc000-7f99bd7dd000 r--p 0000e000 fc:01 1454365                    /usr/lib/x86_64-linux-gnu/libXi.so.6.1.0
7f99bd7dd000-7f99bd7de000 rw-p 0000f000 fc:01 1454365                    /usr/lib/x86_64-linux-gnu/libXi.so.6.1.0
7f99bd7de000-7f99bd7e3000 r-xp 00000000 fc:01 1465007                    /usr/lib/x86_64-linux-gnu/libXtst.so.6.1.0
7f99bd7e3000-7f99bd9e2000 ---p 00005000 fc:01 1465007                    /usr/lib/x86_64-linux-gnu/libXtst.so.6.1.0
7f99bd9e2000-7f99bd9e3000 r--p 00004000 fc:01 1465007                    /usr/lib/x86_64-linux-gnu/libXtst.so.6.1.0
7f99bd9e3000-7f99bd9e4000 rw-p 00005000 fc:01 1465007                    /usr/lib/x86_64-linux-gnu/libXtst.so.6.1.0
7f99bd9e4000-7f99bd9ed000 r-xp 00000000 fc:01 1454277                    /usr/lib/x86_64-linux-gnu/libXrender.so.1.3.0
7f99bd9ed000-7f99bdbec000 ---p 00009000 fc:01 1454277                    /usr/lib/x86_64-linux-gnu/libXrender.so.1.3.0
7f99bdbec000-7f99bdbed000 r--p 00008000 fc:01 1454277                    /usr/lib/x86_64-linux-gnu/libXrender.so.1.3.0
7f99bdbed000-7f99bdbee000 rw-p 00009000 fc:01 1454277                    /usr/lib/x86_64-linux-gnu/libXrender.so.1.3.0
7f99bdbee000-7f99bdbff000 r-xp 00000000 fc:01 1453164                    /usr/lib/x86_64-linux-gnu/libXext.so.6.4.0
7f99bdbff000-7f99bddfe000 ---p 00011000 fc:01 1453164                    /usr/lib/x86_64-linux-gnu/libXext.so.6.4.0
7f99bddfe000-7f99bddff000 r--p 00010000 fc:01 1453164                    /usr/lib/x86_64-linux-gnu/libXext.so.6.4.0
7f99bddff000-7f99bde00000 rw-p 00011000 fc:01 1453164                    /usr/lib/x86_64-linux-gnu/libXext.so.6.4.0
7f99bde00000-7f99bde02000 r--s 00000000 fc:03 130795                     /var/cache/fontconfig/65f976e5259cbe6dc7697b8648396239-le64.cache-4
7f99bde02000-7f99bde0d000 r--s 00000000 fc:03 130788                     /var/cache/fontconfig/83bf95040141907cd45bb53cf7c1c148-le64.cache-4
7f99bde0d000-7f99bde3e000 rw-p 00000000 00:00 0 
7f99bde3e000-7f99bde92000 r-xp 00000000 fc:01 1994491                    /usr/lib/jvm/java-8-oracle/jre/lib/amd64/libawt_xawt.so
7f99bde92000-7f99be092000 ---p 00054000 fc:01 1994491                    /usr/lib/jvm/java-8-oracle/jre/lib/amd64/libawt_xawt.so
7f99be092000-7f99be096000 rw-p 00054000 fc:01 1994491                    /usr/lib/jvm/java-8-oracle/jre/lib/amd64/libawt_xawt.so
7f99be096000-7f99be097000 rw-p 00000000 00:00 0 
7f99be097000-7f99be139000 r-xp 00000000 fc:01 1994499                    /usr/lib/jvm/java-8-oracle/jre/lib/amd64/libawt.so
7f99be139000-7f99be339000 ---p 000a2000 fc:01 1994499                    /usr/lib/jvm/java-8-oracle/jre/lib/amd64/libawt.so
7f99be339000-7f99be345000 rw-p 000a2000 fc:01 1994499                    /usr/lib/jvm/java-8-oracle/jre/lib/amd64/libawt.so
7f99be345000-7f99be369000 rw-p 00000000 00:00 0 
7f99be369000-7f99be36a000 ---p 00000000 00:00 0 
7f99be36a000-7f99be46a000 rw-p 00000000 00:00 0                          [stack:8842]
7f99be46a000-7f99be46d000 ---p 00000000 00:00 0 
7f99be46d000-7f99be56b000 rw-p 00000000 00:00 0                          [stack:8841]
7f99be56b000-7f99be56e000 ---p 00000000 00:00 0 
7f99be56e000-7f99be66c000 rw-p 00000000 00:00 0                          [stack:8840]
7f99be66c000-7f99be66f000 ---p 00000000 00:00 0 
7f99be66f000-7f99be76d000 rw-p 00000000 00:00 0                          [stack:8839]
7f99be76d000-7f99be770000 ---p 00000000 00:00 0 
7f99be770000-7f99be86e000 rw-p 00000000 00:00 0                          [stack:8838]
7f99be86e000-7f99be871000 ---p 00000000 00:00 0 
7f99be871000-7f99be96f000 rw-p 00000000 00:00 0                          [stack:8837]
7f99be96f000-7f99be972000 ---p 00000000 00:00 0 
7f99be972000-7f99bea70000 rw-p 00000000 00:00 0                          [stack:8836]
7f99bea70000-7f99bebf9000 r--p 00000000 fc:01 1447067                    /usr/lib/locale/locale-archive
7f99bebf9000-7f99bebfc000 ---p 00000000 00:00 0 
7f99bebfc000-7f99becfa000 rw-p 00000000 00:00 0                          [stack:8835]
7f99becfa000-7f99becfd000 ---p 00000000 00:00 0 
7f99becfd000-7f99bedfb000 rw-p 00000000 00:00 0                          [stack:8834]
7f99bedfb000-7f99bedfc000 ---p 00000000 00:00 0 
7f99bedfc000-7f99c8000000 rw-p 00000000 00:00 0                          [stack:8833]
7f99c8000000-7f99c8021000 rw-p 00000000 00:00 0 
7f99c8021000-7f99cc000000 ---p 00000000 00:00 0 
7f99cc000000-7f99cc021000 rw-p 00000000 00:00 0 
7f99cc021000-7f99d0000000 ---p 00000000 00:00 0 
7f99d0000000-7f99d0021000 rw-p 00000000 00:00 0 
7f99d0021000-7f99d4000000 ---p 00000000 00:00 0 
7f99d4000000-7f99d4021000 rw-p 00000000 00:00 0 
7f99d4021000-7f99d8000000 ---p 00000000 00:00 0 
7f99d8000000-7f99d8021000 rw-p 00000000 00:00 0 
7f99d8021000-7f99dc000000 ---p 00000000 00:00 0 
7f99dc000000-7f99dc021000 rw-p 00000000 00:00 0 
7f99dc021000-7f99e0000000 ---p 00000000 00:00 0 
7f99e0000000-7f99e0021000 rw-p 00000000 00:00 0 
7f99e0021000-7f99e4000000 ---p 00000000 00:00 0 
7f99e4000000-7f99e4021000 rw-p 00000000 00:00 0 
7f99e4021000-7f99e8000000 ---p 00000000 00:00 0 
7f99e8000000-7f99e8001000 r--s 00000000 fc:03 130796                     /var/cache/fontconfig/8a687c406b77f27d99abfeeba937fcce-le64.cache-4
7f99e8001000-7f99e8003000 r--s 00000000 fc:03 130793                     /var/cache/fontconfig/423767150eb258c59035de29db6fca84-le64.cache-4
7f99e8003000-7f99e800a000 r--s 00000000 fc:03 130785                     /var/cache/fontconfig/53d14c92082a93e67d5078324eb314ca-le64.cache-4
7f99e800a000-7f99e801d000 r--s 00000000 fc:03 130784                     /var/cache/fontconfig/4ac51e5cfbc76fc3f983e470323a16d3-le64.cache-4
7f99e801d000-7f99e8096000 r--s 010e3000 fc:01 1967584                    /usr/lib/jvm/java-8-oracle/lib/tools.jar
7f99e8096000-7f99e9000000 rw-p 00000000 00:00 0 
7f99e9000000-7f99e9560000 rwxp 00000000 00:00 0 
7f99e9560000-7f99f8000000 ---p 00000000 00:00 0 
7f99f8000000-7f99f82a8000 rw-p 00000000 00:00 0 
7f99f82a8000-7f99fc000000 ---p 00000000 00:00 0 
7f99fc000000-7f99fc001000 r--s 00000000 fc:03 130794                     /var/cache/fontconfig/94f7fe9bd33aadfac165873bd010d595-le64.cache-4
7f99fc001000-7f99fc01f000 r--s 00000000 fc:03 130611                     /var/cache/fontconfig/467c019e582ee353435ea5c21d137ef6-le64.cache-4
7f99fc01f000-7f99fc134000 rw-p 00000000 00:00 0 
7f99fc134000-7f99fc30c000 r--s 03d1d000 fc:01 1994690                    /usr/lib/jvm/java-8-oracle/jre/lib/rt.jar
7f99fc30c000-7f99fcb51000 rw-p 00000000 00:00 0 
7f99fcb51000-7f99fcb52000 ---p 00000000 00:00 0 
7f99fcb52000-7f99fcc52000 rw-p 00000000 00:00 0                          [stack:8832]
7f99fcc52000-7f99fcc53000 ---p 00000000 00:00 0 
7f99fcc53000-7f99fcd53000 rw-p 00000000 00:00 0                          [stack:8831]
7f99fcd53000-7f99fcd54000 ---p 00000000 00:00 0 
7f99fcd54000-7f99fce54000 rw-p 00000000 00:00 0                          [stack:8830]
7f99fce54000-7f99fce55000 ---p 00000000 00:00 0 
7f99fce55000-7f99fcf55000 rw-p 00000000 00:00 0                          [stack:8829]
7f99fcf55000-7f99fcf56000 ---p 00000000 00:00 0 
7f99fcf56000-7f99fd056000 rw-p 00000000 00:00 0                          [stack:8828]
7f99fd056000-7f99fd057000 ---p 00000000 00:00 0 
7f99fd057000-7f99fd157000 rw-p 00000000 00:00 0                          [stack:8827]
7f99fd157000-7f99fd158000 ---p 00000000 00:00 0 
7f99fd158000-7f99fd258000 rw-p 00000000 00:00 0                          [stack:8826]
7f99fd258000-7f99fd259000 ---p 00000000 00:00 0 
7f99fd259000-7f99fd35f000 rw-p 00000000 00:00 0                          [stack:8825]
7f99fd35f000-7f99fd88e000 ---p 00000000 00:00 0 
7f99fd88e000-7f99fd894000 rw-p 00000000 00:00 0 
7f99fd894000-7f99fddc2000 ---p 00000000 00:00 0 
7f99fddc2000-7f99fddcc000 rw-p 00000000 00:00 0 
7f99fddcc000-7f99fe05d000 ---p 00000000 00:00 0 
7f99fe05d000-7f99fe074000 rw-p 00000000 00:00 0 
7f99fe074000-7f99fe41e000 ---p 00000000 00:00 0 
7f99fe41e000-7f99fe438000 r-xp 00000000 fc:01 1994666                    /usr/lib/jvm/java-8-oracle/jre/lib/amd64/libzip.so
7f99fe438000-7f99fe638000 ---p 0001a000 fc:01 1994666                    /usr/lib/jvm/java-8-oracle/jre/lib/amd64/libzip.so
7f99fe638000-7f99fe639000 rw-p 0001a000 fc:01 1994666                    /usr/lib/jvm/java-8-oracle/jre/lib/amd64/libzip.so
7f99fe639000-7f99ff009000 r--s 00000000 fc:03 131349                     /var/cache/nscd/passwd
7f99ff009000-7f99ff033000 r-xp 00000000 fc:01 1994496                    /usr/lib/jvm/java-8-oracle/jre/lib/amd64/libjava.so
7f99ff033000-7f99ff233000 ---p 0002a000 fc:01 1994496                    /usr/lib/jvm/java-8-oracle/jre/lib/amd64/libjava.so
7f99ff233000-7f99ff235000 rw-p 0002a000 fc:01 1994496                    /usr/lib/jvm/java-8-oracle/jre/lib/amd64/libjava.so
7f99ff235000-7f99ff242000 r-xp 00000000 fc:01 1991158                    /usr/lib/jvm/java-8-oracle/jre/lib/amd64/libverify.so
7f99ff242000-7f99ff442000 ---p 0000d000 fc:01 1991158                    /usr/lib/jvm/java-8-oracle/jre/lib/amd64/libverify.so
7f99ff442000-7f99ff444000 rw-p 0000d000 fc:01 1991158                    /usr/lib/jvm/java-8-oracle/jre/lib/amd64/libverify.so
7f99ff444000-7f99ff44b000 r-xp 00000000 fc:01 1972558                    /lib/x86_64-linux-gnu/librt-2.19.so
7f99ff44b000-7f99ff64a000 ---p 00007000 fc:01 1972558                    /lib/x86_64-linux-gnu/librt-2.19.so
7f99ff64a000-7f99ff64b000 r--p 00006000 fc:01 1972558                    /lib/x86_64-linux-gnu/librt-2.19.so
7f99ff64b000-7f99ff64c000 rw-p 00007000 fc:01 1972558                    /lib/x86_64-linux-gnu/librt-2.19.so
7f99ff64c000-7f99ff751000 r-xp 00000000 fc:01 1966196                    /lib/x86_64-linux-gnu/libm-2.19.so
7f99ff751000-7f99ff950000 ---p 00105000 fc:01 1966196                    /lib/x86_64-linux-gnu/libm-2.19.so
7f99ff950000-7f99ff951000 r--p 00104000 fc:01 1966196                    /lib/x86_64-linux-gnu/libm-2.19.so
7f99ff951000-7f99ff952000 rw-p 00105000 fc:01 1966196                    /lib/x86_64-linux-gnu/libm-2.19.so
7f99ff952000-7f9a00611000 r-xp 00000000 fc:01 1991176                    /usr/lib/jvm/java-8-oracle/jre/lib/amd64/server/libjvm.so
7f9a00611000-7f9a00810000 ---p 00cbf000 fc:01 1991176                    /usr/lib/jvm/java-8-oracle/jre/lib/amd64/server/libjvm.so
7f9a00810000-7f9a008e9000 rw-p 00cbe000 fc:01 1991176                    /usr/lib/jvm/java-8-oracle/jre/lib/amd64/server/libjvm.so
7f9a008e9000-7f9a00932000 rw-p 00000000 00:00 0 
7f9a00932000-7f9a00937000 r-xp 00000000 fc:01 1453157                    /usr/lib/x86_64-linux-gnu/libXdmcp.so.6.0.0
7f9a00937000-7f9a00b36000 ---p 00005000 fc:01 1453157                    /usr/lib/x86_64-linux-gnu/libXdmcp.so.6.0.0
7f9a00b36000-7f9a00b37000 r--p 00004000 fc:01 1453157                    /usr/lib/x86_64-linux-gnu/libXdmcp.so.6.0.0
7f9a00b37000-7f9a00b38000 rw-p 00005000 fc:01 1453157                    /usr/lib/x86_64-linux-gnu/libXdmcp.so.6.0.0
7f9a00b38000-7f9a00b3a000 r-xp 00000000 fc:01 1453155                    /usr/lib/x86_64-linux-gnu/libXau.so.6.0.0
7f9a00b3a000-7f9a00d3a000 ---p 00002000 fc:01 1453155                    /usr/lib/x86_64-linux-gnu/libXau.so.6.0.0
7f9a00d3a000-7f9a00d3b000 r--p 00002000 fc:01 1453155                    /usr/lib/x86_64-linux-gnu/libXau.so.6.0.0
7f9a00d3b000-7f9a00d3c000 rw-p 00003000 fc:01 1453155                    /usr/lib/x86_64-linux-gnu/libXau.so.6.0.0
7f9a00d3c000-7f9a00d59000 r-xp 00000000 fc:01 1453159                    /usr/lib/x86_64-linux-gnu/libxcb.so.1.1.0
7f9a00d59000-7f9a00f59000 ---p 0001d000 fc:01 1453159                    /usr/lib/x86_64-linux-gnu/libxcb.so.1.1.0
7f9a00f59000-7f9a00f5a000 r--p 0001d000 fc:01 1453159                    /usr/lib/x86_64-linux-gnu/libxcb.so.1.1.0
7f9a00f5a000-7f9a00f5b000 rw-p 0001e000 fc:01 1453159                    /usr/lib/x86_64-linux-gnu/libxcb.so.1.1.0
7f9a00f5b000-7f9a01116000 r-xp 00000000 fc:01 1972559                    /lib/x86_64-linux-gnu/libc-2.19.so
7f9a01116000-7f9a01315000 ---p 001bb000 fc:01 1972559                    /lib/x86_64-linux-gnu/libc-2.19.so
7f9a01315000-7f9a01319000 r--p 001ba000 fc:01 1972559                    /lib/x86_64-linux-gnu/libc-2.19.so
7f9a01319000-7f9a0131b000 rw-p 001be000 fc:01 1972559                    /lib/x86_64-linux-gnu/libc-2.19.so
7f9a0131b000-7f9a01320000 rw-p 00000000 00:00 0 
7f9a01320000-7f9a01323000 r-xp 00000000 fc:01 1966198                    /lib/x86_64-linux-gnu/libdl-2.19.so
7f9a01323000-7f9a01522000 ---p 00003000 fc:01 1966198                    /lib/x86_64-linux-gnu/libdl-2.19.so
7f9a01522000-7f9a01523000 r--p 00002000 fc:01 1966198                    /lib/x86_64-linux-gnu/libdl-2.19.so
7f9a01523000-7f9a01524000 rw-p 00003000 fc:01 1966198                    /lib/x86_64-linux-gnu/libdl-2.19.so
7f9a01524000-7f9a01539000 r-xp 00000000 fc:01 810607                     /usr/lib/jvm/java-8-oracle/lib/amd64/jli/libjli.so
7f9a01539000-7f9a01739000 ---p 00015000 fc:01 810607                     /usr/lib/jvm/java-8-oracle/lib/amd64/jli/libjli.so
7f9a01739000-7f9a0173a000 rw-p 00015000 fc:01 810607                     /usr/lib/jvm/java-8-oracle/lib/amd64/jli/libjli.so
7f9a0173a000-7f9a0186a000 r-xp 00000000 fc:01 1453162                    /usr/lib/x86_64-linux-gnu/libX11.so.6.3.0
7f9a0186a000-7f9a01a6a000 ---p 00130000 fc:01 1453162                    /usr/lib/x86_64-linux-gnu/libX11.so.6.3.0
7f9a01a6a000-7f9a01a6b000 r--p 00130000 fc:01 1453162                    /usr/lib/x86_64-linux-gnu/libX11.so.6.3.0
7f9a01a6b000-7f9a01a6f000 rw-p 00131000 fc:01 1453162                    /usr/lib/x86_64-linux-gnu/libX11.so.6.3.0
7f9a01a6f000-7f9a01a88000 r-xp 00000000 fc:01 1972551                    /lib/x86_64-linux-gnu/libpthread-2.19.so
7f9a01a88000-7f9a01c87000 ---p 00019000 fc:01 1972551                    /lib/x86_64-linux-gnu/libpthread-2.19.so
7f9a01c87000-7f9a01c88000 r--p 00018000 fc:01 1972551                    /lib/x86_64-linux-gnu/libpthread-2.19.so
7f9a01c88000-7f9a01c89000 rw-p 00019000 fc:01 1972551                    /lib/x86_64-linux-gnu/libpthread-2.19.so
7f9a01c89000-7f9a01c8d000 rw-p 00000000 00:00 0 
7f9a01c8d000-7f9a01cb0000 r-xp 00000000 fc:01 1972552                    /lib/x86_64-linux-gnu/ld-2.19.so
7f9a01cb0000-7f9a01cb2000 r--s 00000000 fc:03 130791                     /var/cache/fontconfig/67709b7835c0f764c1135060c9575660-le64.cache-4
7f9a01cb2000-7f9a01cbf000 r--s 00000000 fc:03 130706                     /var/cache/fontconfig/8f02d4cb045bd6ce15663e43f347c9f8-le64.cache-4
7f9a01cbf000-7f9a01d69000 rw-p 00000000 00:00 0 
7f9a01d69000-7f9a01d6c000 ---p 00000000 00:00 0 
7f9a01d6c000-7f9a01e6f000 rw-p 00000000 00:00 0                          [stack:8824]
7f9a01e6f000-7f9a01e70000 r--s 00000000 fc:03 130792                     /var/cache/fontconfig/406a1d2d2bf3ed7664fbadefac0b2f66-le64.cache-4
7f9a01e70000-7f9a01e72000 r--s 00000000 fc:03 130787                     /var/cache/fontconfig/6e6b34ae150a7ad95e82fb4a522f0bda-le64.cache-4
7f9a01e72000-7f9a01e73000 r--s 00000000 fc:03 130786                     /var/cache/fontconfig/3334a778d104e76d188e9df399bc24d2-le64.cache-4
7f9a01e73000-7f9a01e74000 r--s 00000000 fc:03 130783                     /var/cache/fontconfig/c277e94e32b20404286a1ddafa5a80f0-le64.cache-4
7f9a01e74000-7f9a01e75000 r--s 00000000 fc:03 132602                     /var/cache/fontconfig/62f91419b9ebdb6975e7e41ab6412357-le64.cache-4
7f9a01e75000-7f9a01e78000 r--s 00000000 fc:03 130782                     /var/cache/fontconfig/de83a0a961185c8bd1f159015d56c039-le64.cache-4
7f9a01e78000-7f9a01e7a000 r--s 00000000 fc:03 130707                     /var/cache/fontconfig/16326683038b281783a0ef8c680e3a10-le64.cache-4
7f9a01e7a000-7f9a01e7b000 r--s 00000000 fc:03 130705                     /var/cache/fontconfig/e0aa53bcfa504e64f87823c16bc01eb6-le64.cache-4
7f9a01e7b000-7f9a01ea3000 rw-p 00000000 00:00 0 
7f9a01ea3000-7f9a01eab000 rw-s 00000000 fc:05 130317                     /tmp/hsperfdata_vncentwu/8823
7f9a01eab000-7f9a01eac000 rw-p 00000000 00:00 0 
7f9a01eac000-7f9a01ead000 r--p 00000000 00:00 0 
7f9a01ead000-7f9a01eaf000 rw-p 00000000 00:00 0 
7f9a01eaf000-7f9a01eb0000 r--p 00022000 fc:01 1972552                    /lib/x86_64-linux-gnu/ld-2.19.so
7f9a01eb0000-7f9a01eb1000 rw-p 00023000 fc:01 1972552                    /lib/x86_64-linux-gnu/ld-2.19.so
7f9a01eb1000-7f9a01eb2000 rw-p 00000000 00:00 0 
7ffdf7dde000-7ffdf7dff000 rw-p 00000000 00:00 0                          [stack]
7ffdf7f2e000-7ffdf7f30000 r-xp 00000000 00:00 0                          [vdso]
ffffffffff600000-ffffffffff601000 r-xp 00000000 00:00 0                  [vsyscall]

VM Arguments:
jvm_args: -Dapplication.home=/usr/lib/jvm/java-8-oracle -Xms8m 
java_command: sun.applet.Main Client.java
java_class_path (initial): /usr/lib/jvm/java-8-oracle/lib/tools.jar:/usr/lib/jvm/java-8-oracle/classes
Launcher Type: SUN_STANDARD

Environment Variables:
PATH=/lusr/opt/pintos/:/lusr/opt/bochs-2.2.6-pintos/bin/:/lusr/opt/qemu-1.1.1/:/lusr/bin:/sbin:/bin:/usr/sbin:/usr/bin:/usr/games:/usr/bin/mh:/lusr/share/hosts:/lusr/bin/tex:/lusr/games/bin:/lusr/opt/condor/bin:.
SHELL=/lusr/bin/bash
DISPLAY=:0

Signal Handlers:
SIGSEGV: [libjvm.so+0xabb070], sa_mask[0]=11111111011111111101111111111110, sa_flags=SA_RESTART|SA_SIGINFO
SIGBUS: [libjvm.so+0xabb070], sa_mask[0]=11111111011111111101111111111110, sa_flags=SA_RESTART|SA_SIGINFO
SIGFPE: [libjvm.so+0x918480], sa_mask[0]=11111111011111111101111111111110, sa_flags=SA_RESTART|SA_SIGINFO
SIGPIPE: [libjvm.so+0x918480], sa_mask[0]=11111111011111111101111111111110, sa_flags=SA_RESTART|SA_SIGINFO
SIGXFSZ: [libjvm.so+0x918480], sa_mask[0]=11111111011111111101111111111110, sa_flags=SA_RESTART|SA_SIGINFO
SIGILL: [libjvm.so+0x918480], sa_mask[0]=11111111011111111101111111111110, sa_flags=SA_RESTART|SA_SIGINFO
SIGUSR1: SIG_DFL, sa_mask[0]=00000000000000000000000000000000, sa_flags=none
SIGUSR2: [libjvm.so+0x919ab0], sa_mask[0]=00000000000000000000000000000000, sa_flags=SA_RESTART|SA_SIGINFO
SIGHUP: [libjvm.so+0x91aeb0], sa_mask[0]=11111111011111111101111111111110, sa_flags=SA_RESTART|SA_SIGINFO
SIGINT: [libjvm.so+0x91aeb0], sa_mask[0]=11111111011111111101111111111110, sa_flags=SA_RESTART|SA_SIGINFO
SIGTERM: [libjvm.so+0x91aeb0], sa_mask[0]=11111111011111111101111111111110, sa_flags=SA_RESTART|SA_SIGINFO
SIGQUIT: [libjvm.so+0x91aeb0], sa_mask[0]=11111111011111111101111111111110, sa_flags=SA_RESTART|SA_SIGINFO


---------------  S Y S T E M  ---------------

OS:DISTRIB_ID=Ubuntu
DISTRIB_RELEASE=14.04
DISTRIB_CODENAME=trusty
DISTRIB_DESCRIPTION="Ubuntu 14.04.4 LTS"

uname:Linux 3.13.0-79-generic #123-Ubuntu SMP Fri Feb 19 14:27:58 UTC 2016 x86_64
libc:glibc 2.19 NPTL 2.19 
rlimit: STACK 8192k, CORE 0k, NPROC 127647, NOFILE 4096, AS infinity
load average:1.08 0.81 0.61

/proc/meminfo:
MemTotal:       16372028 kB
MemFree:        11657884 kB
Buffers:          606384 kB
Cached:          2087596 kB
SwapCached:            0 kB
Active:          3020204 kB
Inactive:        1224428 kB
Active(anon):    1553004 kB
Inactive(anon):     3448 kB
Active(file):    1467200 kB
Inactive(file):  1220980 kB
Unevictable:          32 kB
Mlocked:              32 kB
SwapTotal:      33431548 kB
SwapFree:       33431548 kB
Dirty:               228 kB
Writeback:             0 kB
AnonPages:       1535420 kB
Mapped:           145080 kB
Shmem:              6204 kB
Slab:             294900 kB
SReclaimable:     249116 kB
SUnreclaim:        45784 kB
KernelStack:        6912 kB
PageTables:        13196 kB
NFS_Unstable:          0 kB
Bounce:                0 kB
WritebackTmp:          0 kB
CommitLimit:    41617560 kB
Committed_AS:    4837476 kB
VmallocTotal:   34359738367 kB
VmallocUsed:      143496 kB
VmallocChunk:   34359587324 kB
HardwareCorrupted:     0 kB
AnonHugePages:    604160 kB
HugePages_Total:       0
HugePages_Free:        0
HugePages_Rsvd:        0
HugePages_Surp:        0
Hugepagesize:       2048 kB
DirectMap4k:      278136 kB
DirectMap2M:     9097216 kB
DirectMap1G:     7340032 kB


CPU:total 8 (4 cores per cpu, 2 threads per core) family 6 model 60 stepping 3, cmov, cx8, fxsr, mmx, sse, sse2, sse3, ssse3, sse4.1, sse4.2, popcnt, avx, avx2, aes, clmul, erms, lzcnt, ht, tsc, tscinvbit, bmi1, bmi2

/proc/cpuinfo:
processor	: 0
vendor_id	: GenuineIntel
cpu family	: 6
model		: 60
model name	: Intel(R) Xeon(R) CPU E3-1271 v3 @ 3.60GHz
stepping	: 3
microcode	: 0x1c
cpu MHz		: 2800.000
cache size	: 8192 KB
physical id	: 0
siblings	: 8
core id		: 0
cpu cores	: 4
apicid		: 0
initial apicid	: 0
fpu		: yes
fpu_exception	: yes
cpuid level	: 13
wp		: yes
flags		: fpu vme de pse tsc msr pae mce cx8 apic sep mtrr pge mca cmov pat pse36 clflush dts acpi mmx fxsr sse sse2 ss ht tm pbe syscall nx pdpe1gb rdtscp lm constant_tsc arch_perfmon pebs bts rep_good nopl xtopology nonstop_tsc aperfmperf eagerfpu pni pclmulqdq dtes64 monitor ds_cpl vmx smx est tm2 ssse3 fma cx16 xtpr pdcm pcid sse4_1 sse4_2 x2apic movbe popcnt tsc_deadline_timer aes xsave avx f16c rdrand lahf_lm abm ida arat epb xsaveopt pln pts dtherm tpr_shadow vnmi flexpriority ept vpid fsgsbase tsc_adjust bmi1 avx2 smep bmi2 erms invpcid
bogomips	: 7183.73
clflush size	: 64
cache_alignment	: 64
address sizes	: 39 bits physical, 48 bits virtual
power management:

processor	: 1
vendor_id	: GenuineIntel
cpu family	: 6
model		: 60
model name	: Intel(R) Xeon(R) CPU E3-1271 v3 @ 3.60GHz
stepping	: 3
microcode	: 0x1c
cpu MHz		: 1800.000
cache size	: 8192 KB
physical id	: 0
siblings	: 8
core id		: 1
cpu cores	: 4
apicid		: 2
initial apicid	: 2
fpu		: yes
fpu_exception	: yes
cpuid level	: 13
wp		: yes
flags		: fpu vme de pse tsc msr pae mce cx8 apic sep mtrr pge mca cmov pat pse36 clflush dts acpi mmx fxsr sse sse2 ss ht tm pbe syscall nx pdpe1gb rdtscp lm constant_tsc arch_perfmon pebs bts rep_good nopl xtopology nonstop_tsc aperfmperf eagerfpu pni pclmulqdq dtes64 monitor ds_cpl vmx smx est tm2 ssse3 fma cx16 xtpr pdcm pcid sse4_1 sse4_2 x2apic movbe popcnt tsc_deadline_timer aes xsave avx f16c rdrand lahf_lm abm ida arat epb xsaveopt pln pts dtherm tpr_shadow vnmi flexpriority ept vpid fsgsbase tsc_adjust bmi1 avx2 smep bmi2 erms invpcid
bogomips	: 7183.73
clflush size	: 64
cache_alignment	: 64
address sizes	: 39 bits physical, 48 bits virtual
power management:

processor	: 2
vendor_id	: GenuineIntel
cpu family	: 6
model		: 60
model name	: Intel(R) Xeon(R) CPU E3-1271 v3 @ 3.60GHz
stepping	: 3
microcode	: 0x1c
cpu MHz		: 1800.000
cache size	: 8192 KB
physical id	: 0
siblings	: 8
core id		: 2
cpu cores	: 4
apicid		: 4
initial apicid	: 4
fpu		: yes
fpu_exception	: yes
cpuid level	: 13
wp		: yes
flags		: fpu vme de pse tsc msr pae mce cx8 apic sep mtrr pge mca cmov pat pse36 clflush dts acpi mmx fxsr sse sse2 ss ht tm pbe syscall nx pdpe1gb rdtscp lm constant_tsc arch_perfmon pebs bts rep_good nopl xtopology nonstop_tsc aperfmperf eagerfpu pni pclmulqdq dtes64 monitor ds_cpl vmx smx est tm2 ssse3 fma cx16 xtpr pdcm pcid sse4_1 sse4_2 x2apic movbe popcnt tsc_deadline_timer aes xsave avx f16c rdrand lahf_lm abm ida arat epb xsaveopt pln pts dtherm tpr_shadow vnmi flexpriority ept vpid fsgsbase tsc_adjust bmi1 avx2 smep bmi2 erms invpcid
bogomips	: 7183.73
clflush size	: 64
cache_alignment	: 64
address sizes	: 39 bits physical, 48 bits virtual
power management:

processor	: 3
vendor_id	: GenuineIntel
cpu family	: 6
model		: 60
model name	: Intel(R) Xeon(R) CPU E3-1271 v3 @ 3.60GHz
stepping	: 3
microcode	: 0x1c
cpu MHz		: 3601.000
cache size	: 8192 KB
physical id	: 0
siblings	: 8
core id		: 3
cpu cores	: 4
apicid		: 6
initial apicid	: 6
fpu		: yes
fpu_exception	: yes
cpuid level	: 13
wp		: yes
flags		: fpu vme de pse tsc msr pae mce cx8 apic sep mtrr pge mca cmov pat pse36 clflush dts acpi mmx fxsr sse sse2 ss ht tm pbe syscall nx pdpe1gb rdtscp lm constant_tsc arch_perfmon pebs bts rep_good nopl xtopology nonstop_tsc aperfmperf eagerfpu pni pclmulqdq dtes64 monitor ds_cpl vmx smx est tm2 ssse3 fma cx16 xtpr pdcm pcid sse4_1 sse4_2 x2apic movbe popcnt tsc_deadline_timer aes xsave avx f16c rdrand lahf_lm abm ida arat epb xsaveopt pln pts dtherm tpr_shadow vnmi flexpriority ept vpid fsgsbase tsc_adjust bmi1 avx2 smep bmi2 erms invpcid
bogomips	: 7183.73
clflush size	: 64
cache_alignment	: 64
address sizes	: 39 bits physical, 48 bits virtual
power management:

processor	: 4
vendor_id	: GenuineIntel
cpu family	: 6
model		: 60
model name	: Intel(R) Xeon(R) CPU E3-1271 v3 @ 3.60GHz
stepping	: 3
microcode	: 0x1c
cpu MHz		: 800.000
cache size	: 8192 KB
physical id	: 0
siblings	: 8
core id		: 0
cpu cores	: 4
apicid		: 1
initial apicid	: 1
fpu		: yes
fpu_exception	: yes
cpuid level	: 13
wp		: yes
flags		: fpu vme de pse tsc msr pae mce cx8 apic sep mtrr pge mca cmov pat pse36 clflush dts acpi mmx fxsr sse sse2 ss ht tm pbe syscall nx pdpe1gb rdtscp lm constant_tsc arch_perfmon pebs bts rep_good nopl xtopology nonstop_tsc aperfmperf eagerfpu pni pclmulqdq dtes64 monitor ds_cpl vmx smx est tm2 ssse3 fma cx16 xtpr pdcm pcid sse4_1 sse4_2 x2apic movbe popcnt tsc_deadline_timer aes xsave avx f16c rdrand lahf_lm abm ida arat epb xsaveopt pln pts dtherm tpr_shadow vnmi flexpriority ept vpid fsgsbase tsc_adjust bmi1 avx2 smep bmi2 erms invpcid
bogomips	: 7183.73
clflush size	: 64
cache_alignment	: 64
address sizes	: 39 bits physical, 48 bits virtual
power management:

processor	: 5
vendor_id	: GenuineIntel
cpu family	: 6
model		: 60
model name	: Intel(R) Xeon(R) CPU E3-1271 v3 @ 3.60GHz
stepping	: 3
microcode	: 0x1c
cpu MHz		: 2200.000
cache size	: 8192 KB
physical id	: 0
siblings	: 8
core id		: 1
cpu cores	: 4
apicid		: 3
initial apicid	: 3
fpu		: yes
fpu_exception	: yes
cpuid level	: 13
wp		: yes
flags		: fpu vme de pse tsc msr pae mce cx8 apic sep mtrr pge mca cmov pat pse36 clflush dts acpi mmx fxsr sse sse2 ss ht tm pbe syscall nx pdpe1gb rdtscp lm constant_tsc arch_perfmon pebs bts rep_good nopl xtopology nonstop_tsc aperfmperf eagerfpu pni pclmulqdq dtes64 monitor ds_cpl vmx smx est tm2 ssse3 fma cx16 xtpr pdcm pcid sse4_1 sse4_2 x2apic movbe popcnt tsc_deadline_timer aes xsave avx f16c rdrand lahf_lm abm ida arat epb xsaveopt pln pts dtherm tpr_shadow vnmi flexpriority ept vpid fsgsbase tsc_adjust bmi1 avx2 smep bmi2 erms invpcid
bogomips	: 7183.73
clflush size	: 64
cache_alignment	: 64
address sizes	: 39 bits physical, 48 bits virtual
power management:

processor	: 6
vendor_id	: GenuineIntel
cpu family	: 6
model		: 60
model name	: Intel(R) Xeon(R) CPU E3-1271 v3 @ 3.60GHz
stepping	: 3
microcode	: 0x1c
cpu MHz		: 3601.000
cache size	: 8192 KB
physical id	: 0
siblings	: 8
core id		: 2
cpu cores	: 4
apicid		: 5
initial apicid	: 5
fpu		: yes
fpu_exception	: yes
cpuid level	: 13
wp		: yes
flags		: fpu vme de pse tsc msr pae mce cx8 apic sep mtrr pge mca cmov pat pse36 clflush dts acpi mmx fxsr sse sse2 ss ht tm pbe syscall nx pdpe1gb rdtscp lm constant_tsc arch_perfmon pebs bts rep_good nopl xtopology nonstop_tsc aperfmperf eagerfpu pni pclmulqdq dtes64 monitor ds_cpl vmx smx est tm2 ssse3 fma cx16 xtpr pdcm pcid sse4_1 sse4_2 x2apic movbe popcnt tsc_deadline_timer aes xsave avx f16c rdrand lahf_lm abm ida arat epb xsaveopt pln pts dtherm tpr_shadow vnmi flexpriority ept vpid fsgsbase tsc_adjust bmi1 avx2 smep bmi2 erms invpcid
bogomips	: 7183.73
clflush size	: 64
cache_alignment	: 64
address sizes	: 39 bits physical, 48 bits virtual
power management:

processor	: 7
vendor_id	: GenuineIntel
cpu family	: 6
model		: 60
model name	: Intel(R) Xeon(R) CPU E3-1271 v3 @ 3.60GHz
stepping	: 3
microcode	: 0x1c
cpu MHz		: 2400.000
cache size	: 8192 KB
physical id	: 0
siblings	: 8
core id		: 3
cpu cores	: 4
apicid		: 7
initial apicid	: 7
fpu		: yes
fpu_exception	: yes
cpuid level	: 13
wp		: yes
flags		: fpu vme de pse tsc msr pae mce cx8 apic sep mtrr pge mca cmov pat pse36 clflush dts acpi mmx fxsr sse sse2 ss ht tm pbe syscall nx pdpe1gb rdtscp lm constant_tsc arch_perfmon pebs bts rep_good nopl xtopology nonstop_tsc aperfmperf eagerfpu pni pclmulqdq dtes64 monitor ds_cpl vmx smx est tm2 ssse3 fma cx16 xtpr pdcm pcid sse4_1 sse4_2 x2apic movbe popcnt tsc_deadline_timer aes xsave avx f16c rdrand lahf_lm abm ida arat epb xsaveopt pln pts dtherm tpr_shadow vnmi flexpriority ept vpid fsgsbase tsc_adjust bmi1 avx2 smep bmi2 erms invpcid
bogomips	: 7183.73
clflush size	: 64
cache_alignment	: 64
address sizes	: 39 bits physical, 48 bits virtual
power management:



Memory: 4k page, physical 16372028k(11657884k free), swap 33431548k(33431548k free)

vm_info: Java HotSpot(TM) 64-Bit Server VM (25.72-b15) for linux-amd64 JRE (1.8.0_72-b15), built on Dec 22 2015 22:00:07 by "java_re" with gcc 4.3.0 20080428 (Red Hat 4.3.0-8)

time: Mon Feb 29 21:05:29 2016
elapsed time: 2685 seconds (0d 0h 44m 45s)

